origin	https://github.com/Naludrag/Teaching-HEIGVD-RES-2020-Labo-Orchestra.git (fetch)
origin	https://github.com/Naludrag/Teaching-HEIGVD-RES-2020-Labo-Orchestra.git (push)
Starting auditor container "58d910c6e8f6b05ea25406e4a340a9b2392557135f0512b5d68931f61dff28fd"
Starting auditor container "d58997c4780f298966e3c4ce7aa67f68a01fc4500d3d2bccd73a98a84a3825ef"
Starting auditor container "3202b0b0f1bfc7371bd2da6bb766dd416dd88264fed7ae079ea27795c4b9eb1a"
Starting auditor container "44e777b6194315c7dfc69bde414d418224e0190026574fe8df396c61d73daffe"
Starting auditor container "e11ad0e8ea17d2cf4c8ea50770cce766a4ec8fccba0e37e77950a5548c2ae567"
Starting auditor container "1a2e20f362799cc48ea98ba6d2e274527a3742c58df92333e81fbaed3f8329f4"
Starting auditor container "8524bb6e2d05e729e5b9625eee944a177e88442e7f02b701374e8354e56c917a"
Starting auditor container "ddc957413c92b5c611d336c9cb8baab10485ca8904a55ae256cbf1520c3c5314"
Starting auditor container "91f6fb62aade6e437e40b5f53a49bdef21ac889e5620e3601e34b50c6d6fe496"
Starting auditor container "3d8628bfbb8fb6f9c82c2b1806bd1f6a327f8f70546a01ca4930d7ab6caf9c62"
Starting auditor container "34b0afc0403fdf5b4d0b2205ce687abc544a05f1fc29c34e9259036beb32d11f"
11 containers have been started.
44e777b6194315c7dfc69bde414d418224e0190026574fe8df396c61d73daffe : index.js,trumpet
34b0afc0403fdf5b4d0b2205ce687abc544a05f1fc29c34e9259036beb32d11f : index.js,violin
91f6fb62aade6e437e40b5f53a49bdef21ac889e5620e3601e34b50c6d6fe496 : index.js,piano
3202b0b0f1bfc7371bd2da6bb766dd416dd88264fed7ae079ea27795c4b9eb1a : index.js,drum
8524bb6e2d05e729e5b9625eee944a177e88442e7f02b701374e8354e56c917a : index.js,piano
d58997c4780f298966e3c4ce7aa67f68a01fc4500d3d2bccd73a98a84a3825ef : index.js,trumpet
ddc957413c92b5c611d336c9cb8baab10485ca8904a55ae256cbf1520c3c5314 : index.js,violin
3d8628bfbb8fb6f9c82c2b1806bd1f6a327f8f70546a01ca4930d7ab6caf9c62 : index.js,trumpet
1a2e20f362799cc48ea98ba6d2e274527a3742c58df92333e81fbaed3f8329f4 : index.js,drum
58d910c6e8f6b05ea25406e4a340a9b2392557135f0512b5d68931f61dff28fd : index.js,drum
e11ad0e8ea17d2cf4c8ea50770cce766a4ec8fccba0e37e77950a5548c2ae567 : npm,start
Auditor validation: success: ["drum","drum","drum","piano","piano","trumpet","trumpet","trumpet","violin","violin"]
There are 10 musicians, let's kill one
killed 3d8628bfbb8fb6f9c82c2b1806bd1f6a327f8f70546a01ca4930d7ab6caf9c62
Auditor validation: success: ["drum","drum","drum","piano","piano","trumpet","trumpet","violin","violin"]
Scheduling a new test
There are 9 musicians, let's kill one
killed 91f6fb62aade6e437e40b5f53a49bdef21ac889e5620e3601e34b50c6d6fe496
Auditor validation: success: ["drum","drum","drum","piano","trumpet","trumpet","violin","violin"]
Scheduling a new test
There are 8 musicians, let's kill one
killed 3202b0b0f1bfc7371bd2da6bb766dd416dd88264fed7ae079ea27795c4b9eb1a
Auditor validation: success: ["drum","drum","piano","trumpet","trumpet","violin","violin"]
Scheduling a new test
There are 7 musicians, let's kill one
killed 58d910c6e8f6b05ea25406e4a340a9b2392557135f0512b5d68931f61dff28fd
Auditor validation: success: ["drum","piano","trumpet","trumpet","violin","violin"]
Scheduling a new test
We have done all tests.
